Flow report for the_second_one
Wed Aug 25 21:38:19 2021
Quartus II Version 9.0 Build 132 02/25/2009 SJ Web Edition


---------------------
; Table of Contents ;
---------------------
  1. Legal Notice
  2. Flow Summary
  3. Flow Settings
  4. Flow Non-Default Global Settings
  5. Flow Elapsed Time
  6. Flow OS Summary
  7. Flow Log



----------------
; Legal Notice ;
----------------
Copyright (C) 1991-2009 Altera Corporation
Your use of Altera Corporation's design tools, logic functions 
and other software and tools, and its AMPP partner logic 
functions, and any output files from any of the foregoing 
(including device programming or simulation files), and any 
associated documentation or information are expressly subject 
to the terms and conditions of the Altera Program License 
Subscription Agreement, Altera MegaCore Function License 
Agreement, or other applicable license agreement, including, 
without limitation, that your use is for the sole purpose of 
programming logic devices manufactured by Altera and sold by 
Altera or its authorized distributors.  Please refer to the 
applicable agreement for further details.



+------------------------------------------------------------------------------+
; Flow Summary                                                                 ;
+------------------------------------+-----------------------------------------+
; Flow Status                        ; Successful - Wed Aug 25 21:38:19 2021   ;
; Quartus II Version                 ; 9.0 Build 132 02/25/2009 SJ Web Edition ;
; Revision Name                      ; the_second_one                          ;
; Top-level Entity Name              ; bzu1200308                              ;
; Family                             ; Cyclone II                              ;
; Met timing requirements            ; Yes                                     ;
; Total logic elements               ; 8 / 4,608 ( < 1 % )                     ;
;     Total combinational functions  ; 8 / 4,608 ( < 1 % )                     ;
;     Dedicated logic registers      ; 0 / 4,608 ( 0 % )                       ;
; Total registers                    ; 0                                       ;
; Total pins                         ; 14 / 89 ( 16 % )                        ;
; Total virtual pins                 ; 0                                       ;
; Total memory bits                  ; 0 / 119,808 ( 0 % )                     ;
; Embedded Multiplier 9-bit elements ; 0 / 26 ( 0 % )                          ;
; Total PLLs                         ; 0 / 2 ( 0 % )                           ;
; Device                             ; EP2C5T144C6                             ;
; Timing Models                      ; Final                                   ;
+------------------------------------+-----------------------------------------+


+-----------------------------------------+
; Flow Settings                           ;
+-------------------+---------------------+
; Option            ; Setting             ;
+-------------------+---------------------+
; Start date & time ; 08/25/2021 21:38:12 ;
; Main task         ; Compilation         ;
; Revision Name     ; the_second_one      ;
+-------------------+---------------------+


+---------------------------------------------------------------------------------------------------------------------+
; Flow Non-Default Global Settings                                                                                    ;
+------------------------------------+--------------------------------+----------------+-------------+----------------+
; Assignment Name                    ; Value                          ; Default Value  ; Entity Name ; Section Id     ;
+------------------------------------+--------------------------------+----------------+-------------+----------------+
; COMPILER_SIGNATURE_ID              ; 79965024849387.162991669217548 ; --             ; --          ; --             ;
; PARTITION_COLOR                    ; 16764057                       ; --             ; bzu1200308  ; Top            ;
; PARTITION_NETLIST_TYPE             ; SOURCE                         ; --             ; bzu1200308  ; Top            ;
; TOP_LEVEL_ENTITY                   ; bzu1200308                     ; the_second_one ; --          ; --             ;
; USE_GENERATED_PHYSICAL_CONSTRAINTS ; Off                            ; --             ; --          ; eda_blast_fpga ;
+------------------------------------+--------------------------------+----------------+-------------+----------------+


+-----------------------------------------------------------------------------------------------------------------------------+
; Flow Elapsed Time                                                                                                           ;
+-------------------------+--------------+-------------------------+---------------------+------------------------------------+
; Module Name             ; Elapsed Time ; Average Processors Used ; Peak Virtual Memory ; Total CPU Time (on all processors) ;
+-------------------------+--------------+-------------------------+---------------------+------------------------------------+
; Analysis & Synthesis    ; 00:00:00     ; 1.0                     ; 224 MB              ; 00:00:01                           ;
; Fitter                  ; 00:00:01     ; 1.0                     ; 251 MB              ; 00:00:01                           ;
; Assembler               ; 00:00:02     ; 1.0                     ; 213 MB              ; 00:00:02                           ;
; Classic Timing Analyzer ; 00:00:00     ; 1.0                     ; 177 MB              ; 00:00:00                           ;
; Total                   ; 00:00:03     ; --                      ; --                  ; 00:00:04                           ;
+-------------------------+--------------+-------------------------+---------------------+------------------------------------+


+------------------------------------------------------------------------------------------+
; Flow OS Summary                                                                          ;
+-------------------------+------------------+---------------+------------+----------------+
; Module Name             ; Machine Hostname ; OS Name       ; OS Version ; Processor type ;
+-------------------------+------------------+---------------+------------+----------------+
; Analysis & Synthesis    ; LAPTOP-IT305C3B  ; Windows Vista ; 6.2        ; x86_64         ;
; Fitter                  ; LAPTOP-IT305C3B  ; Windows Vista ; 6.2        ; x86_64         ;
; Assembler               ; LAPTOP-IT305C3B  ; Windows Vista ; 6.2        ; x86_64         ;
; Classic Timing Analyzer ; LAPTOP-IT305C3B  ; Windows Vista ; 6.2        ; x86_64         ;
+-------------------------+------------------+---------------+------------+----------------+


------------
; Flow Log ;
------------
quartus_map --read_settings_files=on --write_settings_files=off the_second_one -c the_second_one
quartus_fit --read_settings_files=off --write_settings_files=off the_second_one -c the_second_one
quartus_asm --read_settings_files=off --write_settings_files=off the_second_one -c the_second_one
quartus_tan --read_settings_files=off --write_settings_files=off the_second_one -c the_second_one --timing_analysis_only



