Classic Timing Analyzer report for the_second_one
Wed Aug 25 21:38:19 2021
Quartus II Version 9.0 Build 132 02/25/2009 SJ Web Edition


---------------------
; Table of Contents ;
---------------------
  1. Legal Notice
  2. Timing Analyzer Summary
  3. Timing Analyzer Settings
  4. Parallel Compilation
  5. tpd
  6. Timing Analyzer Messages



----------------
; Legal Notice ;
----------------
Copyright (C) 1991-2009 Altera Corporation
Your use of Altera Corporation's design tools, logic functions 
and other software and tools, and its AMPP partner logic 
functions, and any output files from any of the foregoing 
(including device programming or simulation files), and any 
associated documentation or information are expressly subject 
to the terms and conditions of the Altera Program License 
Subscription Agreement, Altera MegaCore Function License 
Agreement, or other applicable license agreement, including, 
without limitation, that your use is for the sole purpose of 
programming logic devices manufactured by Altera and sold by 
Altera or its authorized distributors.  Please refer to the 
applicable agreement for further details.



+-----------------------------------------------------------------------------------------------------------------------+
; Timing Analyzer Summary                                                                                               ;
+------------------------------+-------+---------------+-------------+------+----+------------+----------+--------------+
; Type                         ; Slack ; Required Time ; Actual Time ; From ; To ; From Clock ; To Clock ; Failed Paths ;
+------------------------------+-------+---------------+-------------+------+----+------------+----------+--------------+
; Worst-case tpd               ; N/A   ; None          ; 9.854 ns    ; i3   ; d5 ; --         ; --       ; 0            ;
; Total number of failed paths ;       ;               ;             ;      ;    ;            ;          ; 0            ;
+------------------------------+-------+---------------+-------------+------+----+------------+----------+--------------+


+--------------------------------------------------------------------------------------------------------------------+
; Timing Analyzer Settings                                                                                           ;
+---------------------------------------------------------------------+--------------------+------+----+-------------+
; Option                                                              ; Setting            ; From ; To ; Entity Name ;
+---------------------------------------------------------------------+--------------------+------+----+-------------+
; Device Name                                                         ; EP2C5T144C6        ;      ;    ;             ;
; Timing Models                                                       ; Final              ;      ;    ;             ;
; Default hold multicycle                                             ; Same as Multicycle ;      ;    ;             ;
; Cut paths between unrelated clock domains                           ; On                 ;      ;    ;             ;
; Cut off read during write signal paths                              ; On                 ;      ;    ;             ;
; Cut off feedback from I/O pins                                      ; On                 ;      ;    ;             ;
; Report Combined Fast/Slow Timing                                    ; Off                ;      ;    ;             ;
; Ignore Clock Settings                                               ; Off                ;      ;    ;             ;
; Analyze latches as synchronous elements                             ; On                 ;      ;    ;             ;
; Enable Recovery/Removal analysis                                    ; Off                ;      ;    ;             ;
; Enable Clock Latency                                                ; Off                ;      ;    ;             ;
; Use TimeQuest Timing Analyzer                                       ; Off                ;      ;    ;             ;
; Number of source nodes to report per destination node               ; 10                 ;      ;    ;             ;
; Number of destination nodes to report                               ; 10                 ;      ;    ;             ;
; Number of paths to report                                           ; 200                ;      ;    ;             ;
; Report Minimum Timing Checks                                        ; Off                ;      ;    ;             ;
; Use Fast Timing Models                                              ; Off                ;      ;    ;             ;
; Report IO Paths Separately                                          ; Off                ;      ;    ;             ;
; Perform Multicorner Analysis                                        ; On                 ;      ;    ;             ;
; Reports the worst-case path for each clock domain and analysis      ; Off                ;      ;    ;             ;
; Removes common clock path pessimism (CCPP) during slack computation ; Off                ;      ;    ;             ;
; Output I/O Timing Endpoint                                          ; Near End           ;      ;    ;             ;
+---------------------------------------------------------------------+--------------------+------+----+-------------+


Parallel compilation was disabled, but you have multiple processors available. Enable parallel compilation to reduce compilation time.
+-------------------------------------+
; Parallel Compilation                ;
+----------------------------+--------+
; Processors                 ; Number ;
+----------------------------+--------+
; Number detected on machine ; 2      ;
; Maximum allowed            ; 1      ;
+----------------------------+--------+


+---------------------------------------------------------+
; tpd                                                     ;
+-------+-------------------+-----------------+------+----+
; Slack ; Required P2P Time ; Actual P2P Time ; From ; To ;
+-------+-------------------+-----------------+------+----+
; N/A   ; None              ; 9.854 ns        ; i3   ; d5 ;
; N/A   ; None              ; 9.771 ns        ; i2   ; d5 ;
; N/A   ; None              ; 9.545 ns        ; i3   ; d6 ;
; N/A   ; None              ; 9.542 ns        ; i3   ; d7 ;
; N/A   ; None              ; 9.461 ns        ; i2   ; d7 ;
; N/A   ; None              ; 9.460 ns        ; i2   ; d6 ;
; N/A   ; None              ; 9.400 ns        ; i3   ; d4 ;
; N/A   ; None              ; 9.346 ns        ; i2   ; d4 ;
; N/A   ; None              ; 6.604 ns        ; i1   ; d3 ;
; N/A   ; None              ; 6.446 ns        ; i0   ; d3 ;
; N/A   ; None              ; 5.632 ns        ; i1   ; d1 ;
; N/A   ; None              ; 5.479 ns        ; i1   ; d2 ;
; N/A   ; None              ; 5.477 ns        ; i0   ; d1 ;
; N/A   ; None              ; 5.402 ns        ; i1   ; d0 ;
; N/A   ; None              ; 5.368 ns        ; i0   ; d2 ;
; N/A   ; None              ; 5.214 ns        ; i0   ; d0 ;
+-------+-------------------+-----------------+------+----+


+--------------------------+
; Timing Analyzer Messages ;
+--------------------------+
Info: *******************************************************************
Info: Running Quartus II Classic Timing Analyzer
    Info: Version 9.0 Build 132 02/25/2009 SJ Web Edition
    Info: Processing started: Wed Aug 25 21:38:19 2021
Info: Command: quartus_tan --read_settings_files=off --write_settings_files=off the_second_one -c the_second_one --timing_analysis_only
Info: Longest tpd from source pin "i3" to destination pin "d5" is 9.854 ns
    Info: 1: + IC(0.000 ns) + CELL(0.852 ns) = 0.852 ns; Loc. = PIN_9; Fanout = 4; PIN Node = 'i3'
    Info: 2: + IC(5.023 ns) + CELL(0.275 ns) = 6.150 ns; Loc. = LCCOMB_X1_Y6_N26; Fanout = 1; COMB Node = 'batnij1:b2|d1~1'
    Info: 3: + IC(1.062 ns) + CELL(2.642 ns) = 9.854 ns; Loc. = PIN_8; Fanout = 0; PIN Node = 'd5'
    Info: Total cell delay = 3.769 ns ( 38.25 % )
    Info: Total interconnect delay = 6.085 ns ( 61.75 % )
Info: Quartus II Classic Timing Analyzer was successful. 0 errors, 0 warnings
    Info: Peak virtual memory: 190 megabytes
    Info: Processing ended: Wed Aug 25 21:38:19 2021
    Info: Elapsed time: 00:00:00
    Info: Total CPU time (on all processors): 00:00:00


